<?xml version="1.0" encoding="UTF-8"?>
<!-- Generated by org.testng.reporters.JUnitReportReporter -->
<testsuite hostname="DESKTOP-Q8UPSCI" failures="0" tests="3" name="testNGDemo.DataProvidersDemo" time="0.019" errors="0" timestamp="2020-07-02T23:54:45 IST" skipped="0">
  <testcase classname="testNGDemo.DataProvidersDemo" name="loginDetails" time="0.004"/>
  <system-out/>
  <testcase classname="testNGDemo.DataProvidersDemo" name="loginDetails" time="0.004"/>
  <system-out/>
  <testcase classname="testNGDemo.DataProvidersDemo" name="loginDetails" time="0.011"/>
  <system-out/>
</testsuite> <!-- testNGDemo.DataProvidersDemo -->
