<?xml version="1.0" encoding="UTF-8"?>
<!-- Generated by org.testng.reporters.JUnitReportReporter -->
<testsuite hostname="DESKTOP-Q8UPSCI" failures="0" tests="1" name="testNGDemo.WindowAuthentication" time="14.553" errors="0" timestamp="2020-07-10T20:12:28 IST" skipped="0">
  <testcase classname="testNGDemo.WindowAuthentication" name="demo" time="14.553"/>
  <system-out/>
</testsuite> <!-- testNGDemo.WindowAuthentication -->
