<?xml version="1.0" encoding="UTF-8"?>
<!-- Generated by org.testng.reporters.JUnitReportReporter -->
<testsuite hostname="DESKTOP-Q8UPSCI" failures="0" tests="2" name="testNGDemo.Parallel_Firefox" time="0.018" errors="0" timestamp="2020-07-04T10:50:39 IST" skipped="0">
  <testcase classname="testNGDemo.Parallel_Firefox" name="logout" time="0.003"/>
  <system-out/>
  <testcase classname="testNGDemo.Parallel_Firefox" name="login" time="0.015"/>
  <system-out/>
</testsuite> <!-- testNGDemo.Parallel_Firefox -->
