<?xml version="1.0" encoding="UTF-8"?>
<!-- Generated by org.testng.reporters.JUnitReportReporter -->
<testsuite hostname="DESKTOP-Q8UPSCI" failures="0" tests="3" name="testNGDemo.TestDemo3" time="0.008" errors="0" timestamp="2020-07-03T00:45:06 IST" skipped="0">
  <testcase classname="testNGDemo.TestDemo3" name="testCase31" time="0.005"/>
  <system-out/>
  <testcase classname="testNGDemo.TestDemo3" name="testCase32" time="0.002"/>
  <system-out/>
  <testcase classname="testNGDemo.TestDemo3" name="login" time="0.001"/>
  <system-out/>
</testsuite> <!-- testNGDemo.TestDemo3 -->
