<?xml version="1.0" encoding="UTF-8"?>
<!-- Generated by org.testng.reporters.JUnitReportReporter -->
<testsuite hostname="DESKTOP-Q8UPSCI" failures="0" tests="1" name="testNGDemo.SauceLabsTesting" time="7.461" errors="0" timestamp="2020-07-13T20:57:37 IST" skipped="0">
  <testcase classname="testNGDemo.SauceLabsTesting" name="crossBrowserTesting_RS" time="7.461"/>
  <system-out/>
</testsuite> <!-- testNGDemo.SauceLabsTesting -->
