<?xml version="1.0" encoding="UTF-8"?>
<!-- Generated by org.testng.reporters.JUnitReportReporter -->
<testsuite hostname="DESKTOP-Q8UPSCI" failures="0" tests="3" name="testNGDemo.TestDemo2" time="0.028" errors="0" timestamp="2020-07-03T00:45:06 IST" skipped="0">
  <testcase classname="testNGDemo.TestDemo2" name="testCase22" time="0.005"/>
  <system-out/>
  <testcase classname="testNGDemo.TestDemo2" name="login" time="0.014"/>
  <system-out/>
  <testcase classname="testNGDemo.TestDemo2" name="testCase21" time="0.009"/>
  <system-out/>
</testsuite> <!-- testNGDemo.TestDemo2 -->
