<?xml version="1.0" encoding="UTF-8"?>
<!-- Generated by org.testng.reporters.JUnitReportReporter -->
<testsuite hostname="DESKTOP-Q8UPSCI" failures="0" tests="1" name="testNGDemo.FileUpoadAndDownloadAutoIT" time="25.252" errors="0" timestamp="2020-07-10T22:35:55 IST" skipped="0">
  <testcase classname="testNGDemo.FileUpoadAndDownloadAutoIT" name="demo" time="25.252"/>
  <system-out/>
</testsuite> <!-- testNGDemo.FileUpoadAndDownloadAutoIT -->
