<?xml version="1.0" encoding="UTF-8"?>
<!-- Generated by org.testng.reporters.JUnitReportReporter -->
<testsuite hostname="DESKTOP-Q8UPSCI" failures="0" tests="4" name="testNGDemo.Parallel_Chrome" time="0.031" errors="0" timestamp="2020-07-04T10:45:45 IST" skipped="0">
  <testcase classname="testNGDemo.Parallel_Chrome" name="details" time="0.016"/>
  <system-out/>
  <testcase classname="testNGDemo.Parallel_Chrome" name="launch" time="0.006"/>
  <system-out/>
  <testcase classname="testNGDemo.Parallel_Chrome" name="login" time="0.004"/>
  <system-out/>
  <testcase classname="testNGDemo.Parallel_Chrome" name="logout" time="0.005"/>
  <system-out/>
</testsuite> <!-- testNGDemo.Parallel_Chrome -->
