<?xml version="1.0" encoding="UTF-8"?>
<!-- Generated by org.testng.reporters.JUnitReportReporter -->
<testsuite hostname="DESKTOP-Q8UPSCI" failures="0" tests="1" name="testNGDemo.PropertiesFileRead_Write" time="0.042" errors="0" timestamp="2020-07-05T20:04:22 IST" skipped="0">
  <testcase classname="testNGDemo.PropertiesFileRead_Write" name="writeProperty" time="0.042"/>
  <system-out/>
</testsuite> <!-- testNGDemo.PropertiesFileRead_Write -->
