<?xml version="1.0" encoding="UTF-8"?>
<!-- Generated by org.testng.reporters.JUnitReportReporter -->
<testsuite hostname="DESKTOP-Q8UPSCI" failures="0" tests="1" name="testNGDemo.DatabaseTesting" time="1.198" errors="0" timestamp="2020-07-13T20:09:43 IST" skipped="0">
  <testcase classname="testNGDemo.DatabaseTesting" name="jdbcConnection" time="1.198"/>
  <system-out/>
</testsuite> <!-- testNGDemo.DatabaseTesting -->
