<?xml version="1.0" encoding="UTF-8"?>
<!-- Generated by org.testng.reporters.JUnitReportReporter -->
<testsuite hostname="DESKTOP-Q8UPSCI" failures="0" tests="4" name="testNGDemo.HelperAttributes" time="0.026" errors="0" timestamp="2020-07-02T19:35:33 IST" skipped="0">
  <testcase classname="testNGDemo.HelperAttributes" name="test" time="0.005"/>
  <system-out/>
  <testcase classname="testNGDemo.HelperAttributes" name="test2" time="0.016"/>
  <system-out/>
  <testcase classname="testNGDemo.HelperAttributes" name="atest1" time="0.003"/>
  <system-out/>
  <testcase classname="testNGDemo.HelperAttributes" name="test3" time="0.002"/>
  <system-out/>
</testsuite> <!-- testNGDemo.HelperAttributes -->
